<?xml version="1.0" encoding="UTF-8"?>
<!-- Generated by org.testng.reporters.JUnitReportReporter -->
<testsuite hostname="LAPTOP-4FRUIF57" failures="0" tests="22" name="TestScenerio.TestMethods_Login" time="185.786" errors="0" timestamp="2023-11-09T23:38:24 IST" skipped="0">
  <testcase classname="TestScenerio.TestMethods_Login" name="verifyLogin_TC1" time="0.750"/>
  <system-out/>
  <testcase classname="TestScenerio.TestMethods_Login" name="verifyLogin_TC2" time="1.391"/>
  <system-out/>
  <testcase classname="TestScenerio.TestMethods_Login" name="verifyLogin_TC3" time="2.265"/>
  <system-out/>
  <testcase classname="TestScenerio.TestMethods_Login" name="verifyLogin_TC4" time="0.494"/>
  <system-out/>
  <testcase classname="TestScenerio.TestMethods_Login" name="verifyLogin_TC5" time="1.198"/>
  <system-out/>
  <testcase classname="TestScenerio.TestMethods_Login" name="verifyLogin_TC6" time="0.444"/>
  <system-out/>
  <testcase classname="TestScenerio.TestMethods_Login" name="verifyEmployeeInfo_TC8" time="3.225"/>
  <system-out/>
  <testcase classname="TestScenerio.TestMethods_Login" name="verifyEmployeeInfo_TC9" time="35.874"/>
  <system-out/>
  <testcase classname="TestScenerio.TestMethods_Login" name="verifyEmployeeInfo_TC10" time="35.680"/>
  <system-out/>
  <testcase classname="TestScenerio.TestMethods_Login" name="verifyEmployeeInfo_TC11" time="35.688"/>
  <system-out/>
  <testcase classname="TestScenerio.TestMethods_Login" name="verifyEmployeeInfo_TC12" time="35.681"/>
  <system-out/>
  <testcase classname="TestScenerio.TestMethods_Login" name="verifyEmployeeInfo_TC13" time="1.968"/>
  <system-out/>
  <testcase classname="TestScenerio.TestMethods_Login" name="verifyEmployeeInfo_TC14" time="1.436"/>
  <system-out/>
  <testcase classname="TestScenerio.TestMethods_Login" name="verifyEmployeeInfo_TC15" time="3.464"/>
  <system-out/>
  <testcase classname="TestScenerio.TestMethods_Login" name="verifyEmployeeInfo_TC16" time="2.319"/>
  <system-out/>
  <testcase classname="TestScenerio.TestMethods_Login" name="verifyEmployeeInfo_TC17" time="2.522"/>
  <system-out/>
  <testcase classname="TestScenerio.TestMethods_Login" name="verifyEmployeeInfo_TC18" time="2.766"/>
  <system-out/>
  <testcase classname="TestScenerio.TestMethods_Login" name="AddEmployeeInfo_TC21" time="4.018"/>
  <system-out/>
  <testcase classname="TestScenerio.TestMethods_Login" name="AddEmployeeInfo_TC22" time="3.202"/>
  <system-out/>
  <testcase classname="TestScenerio.TestMethods_Login" name="AddEmployeeInfo_TC23" time="4.168"/>
  <system-out/>
  <testcase classname="TestScenerio.TestMethods_Login" name="AddEmployeeInfo_TC24" time="3.992"/>
  <system-out/>
  <testcase classname="TestScenerio.TestMethods_Login" name="AddEmployeeInfo_TC25" time="3.241"/>
  <system-out/>
</testsuite> <!-- TestScenerio.TestMethods_Login -->
